[0.015s] Invoking command in '/home/faraz/robotic/build/robot_description': CMAKE_PREFIX_PATH=${CMAKE_PREFIX_PATH}:/home/faraz/robotic/install/robot_estimation:/opt/ros/humble /usr/local/bin/cmake --build /home/faraz/robotic/build/robot_description -- -j8 -l8
[0.046s] [ 25%] Built target frame_id_converter_node
[0.046s] [ 50%] Built target motor_command_node
[0.047s] [ 75%] Built target ekf_diff_imu_node
[0.049s] [ 87%] [32mBuilding CXX object CMakeFiles/lidar_scan_republisher.dir/scripts/lidar_scan_publisher.cpp.o[0m
[0.053s] [01m[Kcc1plus:[m[K [01;31m[Kfatal error: [m[K/home/faraz/robotic/src/robot_description/scripts/lidar_scan_publisher.cpp: No such file or directory
[0.053s] compilation terminated.
[0.054s] gmake[2]: *** [CMakeFiles/lidar_scan_republisher.dir/build.make:76: CMakeFiles/lidar_scan_republisher.dir/scripts/lidar_scan_publisher.cpp.o] Error 1
[0.054s] gmake[1]: *** [CMakeFiles/Makefile2:221: CMakeFiles/lidar_scan_republisher.dir/all] Error 2
[0.054s] gmake: *** [Makefile:146: all] Error 2
[0.275s] Invoked command in '/home/faraz/robotic/build/robot_description' returned '2': CMAKE_PREFIX_PATH=${CMAKE_PREFIX_PATH}:/home/faraz/robotic/install/robot_estimation:/opt/ros/humble /usr/local/bin/cmake --build /home/faraz/robotic/build/robot_description -- -j8 -l8
